<?xml version="1.0" encoding="UTF-8"?>
<!-- Generated by org.testng.reporters.JUnitReportReporter -->
<testsuite skipped="0" hostname="LAPTOP-B1VDJO44" name="com.Automation.testCases.LoginTestCRM" tests="1" failures="0" timestamp="20 Dec 2020 17:07:56 GMT" time="8.981" errors="0">
  <testcase name="NDTVApp" time="8.981" classname="com.Automation.testCases.LoginTestCRM"/>
</testsuite> <!-- com.Automation.testCases.LoginTestCRM -->
