<?xml version="1.0" encoding="UTF-8"?>
<!-- Generated by org.testng.reporters.JUnitReportReporter -->
<testsuite skipped="0" hostname="LAPTOP-B1VDJO44" name="com.Automation.testCases.GetWeatherinfowithQueryparams" tests="1" failures="0" timestamp="20 Dec 2020 17:41:43 GMT" time="2.191" errors="0">
  <testcase name="getuserAPI" time="2.191" classname="com.Automation.testCases.GetWeatherinfowithQueryparams"/>
</testsuite> <!-- com.Automation.testCases.GetWeatherinfowithQueryparams -->
